/sw/bioinfo/quast/4.5.4/rackham/bin/quast.py /home/lesp0343/GenomeAnalysis/genome_analysis/analyses/02_genome_assembly/190405_genome_correction_illumina/190405_pilon_illumina_to_pacbio.fasta /home/lesp0343/GenomeAnalysis/genome_analysis/data/raw_data/190411_reference_genome/GCF_000174395.2_ASM17439v2/GCF_000174395.2_ASM17439v2_genomic.fna.gz

Version: 4.5.4

System information:
  OS: Linux-3.10.0-957.10.1.el7.x86_64-x86_64-with-centos-7.6.1810-Core (linux_64)
  Python version: 2.7.6
  CPUs number: 20

Started: 2019-04-11 14:36:37

Logging to /domus/h1/lesp0343/quast_results/results_2019_04_11_14_36_37/quast.log
NOTICE: Maximum number of threads is set to 5 (use --threads option to set it manually)

CWD: /domus/h1/lesp0343
Main parameters: 
  Threads: 5, minimum contig length: 500, ambiguity: one, threshold for extensive misassembly size: 1000

Contigs:
  Pre-processing...
  1  /home/lesp0343/GenomeAnalysis/genome_analysis/analyses/02_genome_assembly/190405_genome_correction_illumina/190405_pilon_illumina_to_pacbio.fasta ==> 190405_pilon_illumina_to_pacbio
  2  /home/lesp0343/GenomeAnalysis/genome_analysis/data/raw_data/190411_reference_genome/GCF_000174395.2_ASM17439v2/GCF_000174395.2_ASM17439v2_genomic.fna.gz ==> GCF_000174395.2_ASM17439v2_genomic

2019-04-11 14:36:39
Running Basic statistics processor...
  Contig files: 
    1  190405_pilon_illumina_to_pacbio
    2  GCF_000174395.2_ASM17439v2_genomic
  Calculating N50 and L50...
    1  190405_pilon_illumina_to_pacbio, N50 = 2773702, L50 = 1, Total length = 3136314, GC % = 37.79, # N's per 100 kbp =  0.00
    2  GCF_000174395.2_ASM17439v2_genomic, N50 = 2698137, L50 = 1, Total length = 3052572, GC % = 37.87, # N's per 100 kbp =  0.00
  Drawing Nx plot...
    saved to /domus/h1/lesp0343/quast_results/results_2019_04_11_14_36_37/basic_stats/Nx_plot.pdf
  Drawing cumulative plot...
    saved to /domus/h1/lesp0343/quast_results/results_2019_04_11_14_36_37/basic_stats/cumulative_plot.pdf
  Drawing GC content plot...
    saved to /domus/h1/lesp0343/quast_results/results_2019_04_11_14_36_37/basic_stats/GC_content_plot.pdf
  Drawing 190405_pilon_illumina_to_pacbio GC content plot...
    saved to /domus/h1/lesp0343/quast_results/results_2019_04_11_14_36_37/basic_stats/190405_pilon_illumina_to_pacbio_GC_content_plot.pdf
  Drawing GCF_000174395.2_ASM17439v2_genomic GC content plot...
    saved to /domus/h1/lesp0343/quast_results/results_2019_04_11_14_36_37/basic_stats/GCF_000174395.2_ASM17439v2_genomic_GC_content_plot.pdf
Done.

NOTICE: Genes are not predicted by default. Use --gene-finding option to enable it.

2019-04-11 14:36:42
Creating large visual summaries...
This may take a while: press Ctrl-C to skip this step..
  1 of 2: Creating Icarus viewers...
  2 of 2: Creating PDF with all tables and plots...
Done

2019-04-11 14:36:43
RESULTS:
  Text versions of total report are saved to /domus/h1/lesp0343/quast_results/results_2019_04_11_14_36_37/report.txt, report.tsv, and report.tex
  Text versions of transposed total report are saved to /domus/h1/lesp0343/quast_results/results_2019_04_11_14_36_37/transposed_report.txt, transposed_report.tsv, and transposed_report.tex
  HTML version (interactive tables and plots) saved to /domus/h1/lesp0343/quast_results/results_2019_04_11_14_36_37/report.html
  PDF version (tables and plots) is saved to /domus/h1/lesp0343/quast_results/results_2019_04_11_14_36_37/report.pdf
  Icarus (contig browser) is saved to /domus/h1/lesp0343/quast_results/results_2019_04_11_14_36_37/icarus.html
  Log saved to /domus/h1/lesp0343/quast_results/results_2019_04_11_14_36_37/quast.log

Finished: 2019-04-11 14:36:43
Elapsed time: 0:00:05.840363
NOTICEs: 2; WARNINGs: 0; non-fatal ERRORs: 0

Thank you for using QUAST!
