/sw/bioinfo/quast/4.5.4/rackham/bin/quast.py /home/lesp0343/GenomeAnalysis/genome_analysis/analyses/02_genome_assembly/190405_spades_assembly/contigs.fasta /home/lesp0343/GenomeAnalysis/genome_analysis/data/raw_data/190411_complete_assembly_paper/multifasta.faa

Version: 4.5.4

System information:
  OS: Linux-3.10.0-957.10.1.el7.x86_64-x86_64-with-centos-7.6.1810-Core (linux_64)
  Python version: 2.7.6
  CPUs number: 20

Started: 2019-04-11 15:37:07

Logging to /domus/h1/lesp0343/GenomeAnalysis/genome_analysis/analyses/02_genome_assembly/quast_results/results_2019_04_11_15_37_07/quast.log
NOTICE: Maximum number of threads is set to 5 (use --threads option to set it manually)

CWD: /domus/h1/lesp0343/GenomeAnalysis/genome_analysis/analyses/02_genome_assembly
Main parameters: 
  Threads: 5, minimum contig length: 500, ambiguity: one, threshold for extensive misassembly size: 1000

Contigs:
  Pre-processing...
  1  /home/lesp0343/GenomeAnalysis/genome_analysis/analyses/02_genome_assembly/190405_spades_assembly/contigs.fasta ==> contigs
  2  /home/lesp0343/GenomeAnalysis/genome_analysis/data/raw_data/190411_complete_assembly_paper/multifasta.faa ==> multifasta.faa

2019-04-11 15:37:08
Running Basic statistics processor...
  Contig files: 
    1  contigs
    2  multifasta.faa
  Calculating N50 and L50...
    1  contigs, N50 = 840748, L50 = 2, Total length = 3135284, GC % = 37.67, # N's per 100 kbp =  0.00
    2  multifasta.faa, N50 = 2765010, L50 = 1, Total length = 3168410, GC % = 37.70, # N's per 100 kbp =  0.00
  Drawing Nx plot...
    saved to /domus/h1/lesp0343/GenomeAnalysis/genome_analysis/analyses/02_genome_assembly/quast_results/results_2019_04_11_15_37_07/basic_stats/Nx_plot.pdf
  Drawing cumulative plot...
    saved to /domus/h1/lesp0343/GenomeAnalysis/genome_analysis/analyses/02_genome_assembly/quast_results/results_2019_04_11_15_37_07/basic_stats/cumulative_plot.pdf
  Drawing GC content plot...
    saved to /domus/h1/lesp0343/GenomeAnalysis/genome_analysis/analyses/02_genome_assembly/quast_results/results_2019_04_11_15_37_07/basic_stats/GC_content_plot.pdf
  Drawing contigs GC content plot...
    saved to /domus/h1/lesp0343/GenomeAnalysis/genome_analysis/analyses/02_genome_assembly/quast_results/results_2019_04_11_15_37_07/basic_stats/contigs_GC_content_plot.pdf
  Drawing multifasta.faa GC content plot...
    saved to /domus/h1/lesp0343/GenomeAnalysis/genome_analysis/analyses/02_genome_assembly/quast_results/results_2019_04_11_15_37_07/basic_stats/multifasta.faa_GC_content_plot.pdf
  Drawing Coverage histogram (bin size: 3x)...
    saved to /domus/h1/lesp0343/GenomeAnalysis/genome_analysis/analyses/02_genome_assembly/quast_results/results_2019_04_11_15_37_07/basic_stats/coverage_histogram.pdf
  Drawing contigs coverage histogram (bin size: 3x)...
    saved to /domus/h1/lesp0343/GenomeAnalysis/genome_analysis/analyses/02_genome_assembly/quast_results/results_2019_04_11_15_37_07/basic_stats/contigs_coverage_histogram.pdf
Done.

NOTICE: Genes are not predicted by default. Use --gene-finding option to enable it.

2019-04-11 15:37:12
Creating large visual summaries...
This may take a while: press Ctrl-C to skip this step..
  1 of 2: Creating Icarus viewers...
  2 of 2: Creating PDF with all tables and plots...
Done

2019-04-11 15:37:14
RESULTS:
  Text versions of total report are saved to /domus/h1/lesp0343/GenomeAnalysis/genome_analysis/analyses/02_genome_assembly/quast_results/results_2019_04_11_15_37_07/report.txt, report.tsv, and report.tex
  Text versions of transposed total report are saved to /domus/h1/lesp0343/GenomeAnalysis/genome_analysis/analyses/02_genome_assembly/quast_results/results_2019_04_11_15_37_07/transposed_report.txt, transposed_report.tsv, and transposed_report.tex
  HTML version (interactive tables and plots) saved to /domus/h1/lesp0343/GenomeAnalysis/genome_analysis/analyses/02_genome_assembly/quast_results/results_2019_04_11_15_37_07/report.html
  PDF version (tables and plots) is saved to /domus/h1/lesp0343/GenomeAnalysis/genome_analysis/analyses/02_genome_assembly/quast_results/results_2019_04_11_15_37_07/report.pdf
  Icarus (contig browser) is saved to /domus/h1/lesp0343/GenomeAnalysis/genome_analysis/analyses/02_genome_assembly/quast_results/results_2019_04_11_15_37_07/icarus.html
  Log saved to /domus/h1/lesp0343/GenomeAnalysis/genome_analysis/analyses/02_genome_assembly/quast_results/results_2019_04_11_15_37_07/quast.log

Finished: 2019-04-11 15:37:14
Elapsed time: 0:00:06.867453
NOTICEs: 2; WARNINGs: 0; non-fatal ERRORs: 0

Thank you for using QUAST!
