/sw/bioinfo/quast/4.5.4/rackham/bin/quast.py /home/lesp0343/GenomeAnalysis/genome_analysis/analyses/02_genome_assembly/190405_spades_assembly/contigs.fasta -R /home/lesp0343/GenomeAnalysis/genome_analysis/data/raw_data/190411_complete_assembly_paper/multifasta.faa -o /home/lesp0343/GenomeAnalysis/genome_analysis/analyses/02_genome_assembly/190411_quast_nanopore_vs_paper/

Version: 4.5.4

System information:
  OS: Linux-3.10.0-957.10.1.el7.x86_64-x86_64-with-centos-7.6.1810-Core (linux_64)
  Python version: 2.7.6
  CPUs number: 20

Started: 2019-04-11 16:28:33

Logging to /home/lesp0343/GenomeAnalysis/genome_analysis/analyses/02_genome_assembly/190411_quast_nanopore_vs_paper/quast.log
NOTICE: Output directory already exists. Existing Nucmer alignments can be used
NOTICE: Maximum number of threads is set to 5 (use --threads option to set it manually)

CWD: /domus/h1/lesp0343/GenomeAnalysis/genome_analysis/analyses/02_genome_assembly/190411_quast_pilon_vs_paper
Main parameters: 
  Threads: 5, minimum contig length: 500, ambiguity: one, threshold for extensive misassembly size: 1000

Reference:
  /home/lesp0343/GenomeAnalysis/genome_analysis/data/raw_data/190411_complete_assembly_paper/multifasta.faa ==> multifasta

Contigs:
  Pre-processing...
  /home/lesp0343/GenomeAnalysis/genome_analysis/analyses/02_genome_assembly/190405_spades_assembly/contigs.fasta ==> contigs

2019-04-11 16:28:34
Running Basic statistics processor...
  Reference genome:
    multifasta.faa, length = 3168410, num fragments = 7, GC % = 37.70
  Contig files: 
    contigs
  Calculating N50 and L50...
    contigs, N50 = 840748, L50 = 2, Total length = 3135284, GC % = 37.67, # N's per 100 kbp =  0.00
  Drawing Nx plot...
    saved to /home/lesp0343/GenomeAnalysis/genome_analysis/analyses/02_genome_assembly/190411_quast_nanopore_vs_paper/basic_stats/Nx_plot.pdf
  Drawing NGx plot...
    saved to /home/lesp0343/GenomeAnalysis/genome_analysis/analyses/02_genome_assembly/190411_quast_nanopore_vs_paper/basic_stats/NGx_plot.pdf
  Drawing cumulative plot...
    saved to /home/lesp0343/GenomeAnalysis/genome_analysis/analyses/02_genome_assembly/190411_quast_nanopore_vs_paper/basic_stats/cumulative_plot.pdf
  Drawing GC content plot...
    saved to /home/lesp0343/GenomeAnalysis/genome_analysis/analyses/02_genome_assembly/190411_quast_nanopore_vs_paper/basic_stats/GC_content_plot.pdf
  Drawing contigs GC content plot...
    saved to /home/lesp0343/GenomeAnalysis/genome_analysis/analyses/02_genome_assembly/190411_quast_nanopore_vs_paper/basic_stats/contigs_GC_content_plot.pdf
  Drawing Coverage histogram (bin size: 3x)...
    saved to /home/lesp0343/GenomeAnalysis/genome_analysis/analyses/02_genome_assembly/190411_quast_nanopore_vs_paper/basic_stats/coverage_histogram.pdf
  Drawing contigs coverage histogram (bin size: 3x)...
    saved to /home/lesp0343/GenomeAnalysis/genome_analysis/analyses/02_genome_assembly/190411_quast_nanopore_vs_paper/basic_stats/contigs_coverage_histogram.pdf
Done.

2019-04-11 16:28:38
Running Contig analyzer...
  contigs
  Logging to files /home/lesp0343/GenomeAnalysis/genome_analysis/analyses/02_genome_assembly/190411_quast_nanopore_vs_paper/contigs_reports/contigs_report_contigs.stdout and contigs_report_contigs.stderr...
  Aligning contigs to the reference
  /sw/bioinfo/quast/4.5.4/rackham/lib/python2.7/site-packages/quast_libs/MUMmer/nucmer \
  -c 65 -l 65 --maxmatch -p /home/lesp0343/GenomeAnalysis/genome_analysis/analyses/02_genome_assembly/190411_quast_nanopore_vs_paper/contigs_reports/nucmer_output/contigs \
  --emem -t 5 /home/lesp0343/GenomeAnalysis/genome_analysis/analyses/02_genome_assembly/190411_quast_nanopore_vs_paper/quast_corrected_input/multifasta.faa \
  /home/lesp0343/GenomeAnalysis/genome_analysis/analyses/02_genome_assembly/190411_quast_nanopore_vs_paper/quast_corrected_input/contigs.fasta \
  >> /home/lesp0343/GenomeAnalysis/genome_analysis/analyses/02_genome_assembly/190411_quast_nanopore_vs_paper/contigs_reports/contigs_report_contigs.stdout \
  2>> /home/lesp0343/GenomeAnalysis/genome_analysis/analyses/02_genome_assembly/190411_quast_nanopore_vs_paper/contigs_reports/contigs_report_contigs.stderr
  /sw/bioinfo/quast/4.5.4/rackham/lib/python2.7/site-packages/quast_libs/MUMmer/delta-filter \
  -i 95.0 -l 0 /home/lesp0343/GenomeAnalysis/genome_analysis/analyses/02_genome_assembly/190411_quast_nanopore_vs_paper/contigs_reports/nucmer_output/contigs.delta \
  > /home/lesp0343/GenomeAnalysis/genome_analysis/analyses/02_genome_assembly/190411_quast_nanopore_vs_paper/contigs_reports/nucmer_output/contigs.fdelta \
  2> /home/lesp0343/GenomeAnalysis/genome_analysis/analyses/02_genome_assembly/190411_quast_nanopore_vs_paper/contigs_reports/contigs_report_contigs.stderr
  /sw/bioinfo/quast/4.5.4/rackham/lib/python2.7/site-packages/quast_libs/MUMmer/mummerplot \
  --html --layout -p /home/lesp0343/GenomeAnalysis/genome_analysis/analyses/02_genome_assembly/190411_quast_nanopore_vs_paper/contigs_reports/nucmer_output/contigs \
  /home/lesp0343/GenomeAnalysis/genome_analysis/analyses/02_genome_assembly/190411_quast_nanopore_vs_paper/contigs_reports/nucmer_output/contigs.delta \
  > /home/lesp0343/GenomeAnalysis/genome_analysis/analyses/02_genome_assembly/190411_quast_nanopore_vs_paper/contigs_reports/contigs_report_contigs.stdout \
  2> /home/lesp0343/GenomeAnalysis/genome_analysis/analyses/02_genome_assembly/190411_quast_nanopore_vs_paper/contigs_reports/contigs_report_contigs.stderr
  /sw/bioinfo/quast/4.5.4/rackham/lib/python2.7/site-packages/quast_libs/gnuplot/src/gnuplot \
  /home/lesp0343/GenomeAnalysis/genome_analysis/analyses/02_genome_assembly/190411_quast_nanopore_vs_paper/contigs_reports/nucmer_output/contigs.gp \
  > /dev/null 2> /home/lesp0343/GenomeAnalysis/genome_analysis/analyses/02_genome_assembly/190411_quast_nanopore_vs_paper/contigs_reports/contigs_report_contigs.stderr
  MUMmer plot saved to /home/lesp0343/GenomeAnalysis/genome_analysis/analyses/02_genome_assembly/190411_quast_nanopore_vs_paper/contigs_reports/contigs_mummerplot.html
  /sw/bioinfo/quast/4.5.4/rackham/lib/python2.7/site-packages/quast_libs/MUMmer/show-coords \
  /home/lesp0343/GenomeAnalysis/genome_analysis/analyses/02_genome_assembly/190411_quast_nanopore_vs_paper/contigs_reports/nucmer_output/contigs.delta \
  > /home/lesp0343/GenomeAnalysis/genome_analysis/analyses/02_genome_assembly/190411_quast_nanopore_vs_paper/contigs_reports/nucmer_output/contigs.coords_tmp \
  2> /home/lesp0343/GenomeAnalysis/genome_analysis/analyses/02_genome_assembly/190411_quast_nanopore_vs_paper/contigs_reports/contigs_report_contigs.stderr
  /sw/bioinfo/quast/4.5.4/rackham/lib/python2.7/site-packages/quast_libs/MUMmer/show-snps \
  -S -T -H /home/lesp0343/GenomeAnalysis/genome_analysis/analyses/02_genome_assembly/190411_quast_nanopore_vs_paper/contigs_reports/nucmer_output/contigs.delta \
  < /home/lesp0343/GenomeAnalysis/genome_analysis/analyses/02_genome_assembly/190411_quast_nanopore_vs_paper/contigs_reports/nucmer_output/contigs.coords.headless \
  > /home/lesp0343/GenomeAnalysis/genome_analysis/analyses/02_genome_assembly/190411_quast_nanopore_vs_paper/contigs_reports/nucmer_output/contigs.all_snps \
  2> /home/lesp0343/GenomeAnalysis/genome_analysis/analyses/02_genome_assembly/190411_quast_nanopore_vs_paper/contigs_reports/contigs_report_contigs.stderr
  Analysis is finished.

  Gzipping /home/lesp0343/GenomeAnalysis/genome_analysis/analyses/02_genome_assembly/190411_quast_nanopore_vs_paper/contigs_reports/nucmer_output/contigs.all_snps to reduce disk space usage...
    saved to /home/lesp0343/GenomeAnalysis/genome_analysis/analyses/02_genome_assembly/190411_quast_nanopore_vs_paper/contigs_reports/nucmer_output/contigs.all_snps.gz
  Creating total report...
    saved to /home/lesp0343/GenomeAnalysis/genome_analysis/analyses/02_genome_assembly/190411_quast_nanopore_vs_paper/contigs_reports/misassemblies_report.txt, misassemblies_report.tsv, and misassemblies_report.tex
  Transposed version of total report...
    saved to /home/lesp0343/GenomeAnalysis/genome_analysis/analyses/02_genome_assembly/190411_quast_nanopore_vs_paper/contigs_reports/transposed_report_misassemblies.txt, transposed_report_misassemblies.tsv, and transposed_report_misassemblies.tex
  Creating total report...
    saved to /home/lesp0343/GenomeAnalysis/genome_analysis/analyses/02_genome_assembly/190411_quast_nanopore_vs_paper/contigs_reports/unaligned_report.txt, unaligned_report.tsv, and unaligned_report.tex
  Drawing misassemblies by types plot...
    saved to /home/lesp0343/GenomeAnalysis/genome_analysis/analyses/02_genome_assembly/190411_quast_nanopore_vs_paper/contigs_reports/misassemblies_plot.pdf
  Drawing misassemblies FRCurve plot...
    saved to /home/lesp0343/GenomeAnalysis/genome_analysis/analyses/02_genome_assembly/190411_quast_nanopore_vs_paper/contigs_reports/misassemblies_frcurve_plot.pdf
Done.

2019-04-11 16:28:52
Running NA-NGA calculation...
  contigs, Largest alignment = 986343, NA50 = 840748, NGA50 = 840748, LA50 = 2, LGA50 = 2
  Drawing cumulative plot...
    saved to /home/lesp0343/GenomeAnalysis/genome_analysis/analyses/02_genome_assembly/190411_quast_nanopore_vs_paper/aligned_stats/cumulative_plot.pdf
  Drawing NAx plot...
    saved to /home/lesp0343/GenomeAnalysis/genome_analysis/analyses/02_genome_assembly/190411_quast_nanopore_vs_paper/aligned_stats/NAx_plot.pdf
  Drawing NGAx plot...
    saved to /home/lesp0343/GenomeAnalysis/genome_analysis/analyses/02_genome_assembly/190411_quast_nanopore_vs_paper/aligned_stats/NGAx_plot.pdf
Done.

2019-04-11 16:28:54
Running Genome analyzer...
  NOTICE: No file with genes provided. Use the -G option if you want to specify it.
  NOTICE: No file with operons provided. Use the -O option if you want to specify it.
  contigs
  Analysis is finished.
  Skipping drawing Genome fraction, % histogram... (less than 2 columns histogram makes no sense)
Done.

NOTICE: Genes are not predicted by default. Use --gene-finding option to enable it.

2019-04-11 16:28:55
Creating large visual summaries...
This may take a while: press Ctrl-C to skip this step..
  1 of 2: Creating Icarus viewers...
  2 of 2: Creating PDF with all tables and plots...
Done

2019-04-11 16:28:58
RESULTS:
  Text versions of total report are saved to /home/lesp0343/GenomeAnalysis/genome_analysis/analyses/02_genome_assembly/190411_quast_nanopore_vs_paper/report.txt, report.tsv, and report.tex
  Text versions of transposed total report are saved to /home/lesp0343/GenomeAnalysis/genome_analysis/analyses/02_genome_assembly/190411_quast_nanopore_vs_paper/transposed_report.txt, transposed_report.tsv, and transposed_report.tex
  HTML version (interactive tables and plots) saved to /home/lesp0343/GenomeAnalysis/genome_analysis/analyses/02_genome_assembly/190411_quast_nanopore_vs_paper/report.html
  PDF version (tables and plots) is saved to /home/lesp0343/GenomeAnalysis/genome_analysis/analyses/02_genome_assembly/190411_quast_nanopore_vs_paper/report.pdf
  Icarus (contig browser) is saved to /home/lesp0343/GenomeAnalysis/genome_analysis/analyses/02_genome_assembly/190411_quast_nanopore_vs_paper/icarus.html
  Log saved to /home/lesp0343/GenomeAnalysis/genome_analysis/analyses/02_genome_assembly/190411_quast_nanopore_vs_paper/quast.log

Finished: 2019-04-11 16:28:58
Elapsed time: 0:00:24.819180
NOTICEs: 5; WARNINGs: 0; non-fatal ERRORs: 0

Thank you for using QUAST!
